<?xml version="1.0" encoding="UTF-8"?>
<!-- Generated by org.testng.reporters.JUnitReportReporter -->
<testsuite hostname="MAVBCP2519" failures="0" tests="2" name="activity1.NewTest" time="32.982" errors="0" timestamp="2021-07-03T22:39:29 IST" skipped="0">
  <testcase classname="activity1.NewTest" name="f" time="1.729"/>
  <system-out/>
  <testcase classname="activity1.NewTest" name="f1" time="31.253"/>
  <system-out/>
</testsuite> <!-- activity1.NewTest -->
