<?xml version="1.0" encoding="UTF-8"?>
<!-- Generated by org.testng.reporters.JUnitReportReporter -->
<testsuite hostname="MAVBCP2519" failures="0" tests="1" name="activity1.NewTest1" time="0.155" errors="0" timestamp="2021-07-05T00:28:13 IST" skipped="0">
  <testcase classname="activity1.NewTest1" name="f" time="0.155"/>
  <system-out/>
</testsuite> <!-- activity1.NewTest1 -->
