<?xml version="1.0" encoding="UTF-8"?>
<!-- Generated by org.testng.reporters.JUnitReportReporter -->
<testsuite hostname="MAVBCP2519" failures="0" tests="2" name="activity12.NewTest" time="37.177" errors="0" timestamp="2021-07-05T10:41:32 IST" skipped="0">
  <testcase classname="activity12.NewTest" name="f1" time="25.677"/>
  <system-out/>
  <testcase classname="activity12.NewTest" name="f" time="11.500"/>
  <system-out/>
</testsuite> <!-- activity12.NewTest -->
